<?xml version="1.0" encoding="UTF-8"?>
<!-- Generated by org.testng.reporters.JUnitXMLReporter -->
<testsuite ignored="0" hostname="bansahu-PF17URY2" failures="0" tests="12" name="Default test(failed)" time="79.133" errors="0" timestamp="02 Sep 2023 02:48:12 GMT">
  <testcase classname="com.first.selenium.demo.WebElementColor" name="@BeforeMethod setUp" time="6.53">
    <failure type="org.openqa.selenium.SessionNotCreatedException" message="session not created: This version of ChromeDriver only supports Chrome version 114
Current browser version is 116.0.5845.140 with binary path C:\Program Files\Google\Chrome\Application\chrome.exe
Build info: version: &amp;apos;3.141.59&amp;apos;, revision: &amp;apos;e82be7d358&amp;apos;, time: &amp;apos;2018-11-14T08:17:03&amp;apos;
System info: host: &amp;apos;BANSAHU-PF17URY&amp;apos;, ip: &amp;apos;192.168.150.18&amp;apos;, os.name: &amp;apos;Windows 10&amp;apos;, os.arch: &amp;apos;amd64&amp;apos;, os.version: &amp;apos;10.0&amp;apos;, java.version: &amp;apos;17.0.6&amp;apos;
Driver info: driver.version: ChromeDriver
remote stacktrace: Backtrace:
	GetHandleVerifier [0x00686E73+48323]
	(No symbol) [0x00619661]
	(No symbol) [0x00525308]
	(No symbol) [0x0054634C]
	(No symbol) [0x00542093]
	(No symbol) [0x00540719]
	(No symbol) [0x00570DF5]
	(No symbol) [0x00570ADC]
	(No symbol) [0x0056A6D6]
	(No symbol) [0x0054847C]
	(No symbol) [0x0054957D]
	GetHandleVerifier [0x008EFD5D+2575277]
	GetHandleVerifier [0x0092F86E+2836158]
	GetHandleVerifier [0x009296DC+2811180]
	GetHandleVerifier [0x007141B0+626688]
	(No symbol) [0x0062314C]
	(No symbol) [0x0061F4B8]
	(No symbol) [0x0061F59B]
	(No symbol) [0x006121B7]
	BaseThreadInitThunk [0x750F00C9+25]
	RtlGetAppContainerNamedObjectPath [0x77017B1E+286]
	RtlGetAppContainerNamedObjectPath [0x77017AEE+238]
">
      <![CDATA[org.openqa.selenium.SessionNotCreatedException: session not created: This version of ChromeDriver only supports Chrome version 114
Current browser version is 116.0.5845.140 with binary path C:\Program Files\Google\Chrome\Application\chrome.exe
Build info: version: '3.141.59', revision: 'e82be7d358', time: '2018-11-14T08:17:03'
System info: host: 'BANSAHU-PF17URY', ip: '192.168.150.18', os.name: 'Windows 10', os.arch: 'amd64', os.version: '10.0', java.version: '17.0.6'
Driver info: driver.version: ChromeDriver
remote stacktrace: Backtrace:
GetHandleVerifier [0x00686E73+48323]
(No symbol) [0x00619661]
(No symbol) [0x00525308]
(No symbol) [0x0054634C]
(No symbol) [0x00542093]
(No symbol) [0x00540719]
(No symbol) [0x00570DF5]
(No symbol) [0x00570ADC]
(No symbol) [0x0056A6D6]
(No symbol) [0x0054847C]
(No symbol) [0x0054957D]
GetHandleVerifier [0x008EFD5D+2575277]
GetHandleVerifier [0x0092F86E+2836158]
GetHandleVerifier [0x009296DC+2811180]
GetHandleVerifier [0x007141B0+626688]
(No symbol) [0x0062314C]
(No symbol) [0x0061F4B8]
(No symbol) [0x0061F59B]
(No symbol) [0x006121B7]
BaseThreadInitThunk [0x750F00C9+25]
RtlGetAppContainerNamedObjectPath [0x77017B1E+286]
RtlGetAppContainerNamedObjectPath [0x77017AEE+238]

at org.openqa.selenium.remote.W3CHandshakeResponse.lambda$errorHandler$0(W3CHandshakeResponse.java:62)
at org.openqa.selenium.remote.HandshakeResponse.lambda$getResponseFunction$0(HandshakeResponse.java:30)
at org.openqa.selenium.remote.ProtocolHandshake.lambda$createSession$0(ProtocolHandshake.java:126)
at java.base/java.util.stream.ReferencePipeline$3$1.accept(ReferencePipeline.java:197)
at java.base/java.util.Spliterators$ArraySpliterator.tryAdvance(Spliterators.java:1002)
at java.base/java.util.stream.ReferencePipeline.forEachWithCancel(ReferencePipeline.java:129)
at java.base/java.util.stream.AbstractPipeline.copyIntoWithCancel(AbstractPipeline.java:527)
at java.base/java.util.stream.AbstractPipeline.copyInto(AbstractPipeline.java:513)
at java.base/java.util.stream.AbstractPipeline.wrapAndCopyInto(AbstractPipeline.java:499)
at java.base/java.util.stream.FindOps$FindOp.evaluateSequential(FindOps.java:150)
at java.base/java.util.stream.AbstractPipeline.evaluate(AbstractPipeline.java:234)
at java.base/java.util.stream.ReferencePipeline.findFirst(ReferencePipeline.java:647)
at org.openqa.selenium.remote.ProtocolHandshake.createSession(ProtocolHandshake.java:128)
at org.openqa.selenium.remote.ProtocolHandshake.createSession(ProtocolHandshake.java:74)
at org.openqa.selenium.remote.HttpCommandExecutor.execute(HttpCommandExecutor.java:136)
at org.openqa.selenium.remote.service.DriverCommandExecutor.execute(DriverCommandExecutor.java:83)
at org.openqa.selenium.remote.RemoteWebDriver.execute(RemoteWebDriver.java:552)
at org.openqa.selenium.remote.RemoteWebDriver.startSession(RemoteWebDriver.java:213)
at org.openqa.selenium.remote.RemoteWebDriver.<init>(RemoteWebDriver.java:131)
at org.openqa.selenium.chrome.ChromeDriver.<init>(ChromeDriver.java:181)
at org.openqa.selenium.chrome.ChromeDriver.<init>(ChromeDriver.java:168)
at org.openqa.selenium.chrome.ChromeDriver.<init>(ChromeDriver.java:123)
at com.first.selenium.demo.WebElementColor.setUp(WebElementColor.java:20)
... Removed 33 stack frames]]>
    </failure>
  </testcase> <!-- @BeforeMethod setUp -->
  <testcase classname="com.first.selenium.demo.MathmeticCaptcha" name="@BeforeMethod steup" time="3.361">
    <failure type="org.openqa.selenium.SessionNotCreatedException" message="session not created: This version of ChromeDriver only supports Chrome version 114
Current browser version is 116.0.5845.140 with binary path C:\Program Files\Google\Chrome\Application\chrome.exe
Build info: version: &amp;apos;3.141.59&amp;apos;, revision: &amp;apos;e82be7d358&amp;apos;, time: &amp;apos;2018-11-14T08:17:03&amp;apos;
System info: host: &amp;apos;BANSAHU-PF17URY&amp;apos;, ip: &amp;apos;192.168.150.18&amp;apos;, os.name: &amp;apos;Windows 10&amp;apos;, os.arch: &amp;apos;amd64&amp;apos;, os.version: &amp;apos;10.0&amp;apos;, java.version: &amp;apos;17.0.6&amp;apos;
Driver info: driver.version: ChromeDriver
remote stacktrace: Backtrace:
	GetHandleVerifier [0x00686E73+48323]
	(No symbol) [0x00619661]
	(No symbol) [0x00525308]
	(No symbol) [0x0054634C]
	(No symbol) [0x00542093]
	(No symbol) [0x00540719]
	(No symbol) [0x00570DF5]
	(No symbol) [0x00570ADC]
	(No symbol) [0x0056A6D6]
	(No symbol) [0x0054847C]
	(No symbol) [0x0054957D]
	GetHandleVerifier [0x008EFD5D+2575277]
	GetHandleVerifier [0x0092F86E+2836158]
	GetHandleVerifier [0x009296DC+2811180]
	GetHandleVerifier [0x007141B0+626688]
	(No symbol) [0x0062314C]
	(No symbol) [0x0061F4B8]
	(No symbol) [0x0061F59B]
	(No symbol) [0x006121B7]
	BaseThreadInitThunk [0x750F00C9+25]
	RtlGetAppContainerNamedObjectPath [0x77017B1E+286]
	RtlGetAppContainerNamedObjectPath [0x77017AEE+238]
">
      <![CDATA[org.openqa.selenium.SessionNotCreatedException: session not created: This version of ChromeDriver only supports Chrome version 114
Current browser version is 116.0.5845.140 with binary path C:\Program Files\Google\Chrome\Application\chrome.exe
Build info: version: '3.141.59', revision: 'e82be7d358', time: '2018-11-14T08:17:03'
System info: host: 'BANSAHU-PF17URY', ip: '192.168.150.18', os.name: 'Windows 10', os.arch: 'amd64', os.version: '10.0', java.version: '17.0.6'
Driver info: driver.version: ChromeDriver
remote stacktrace: Backtrace:
GetHandleVerifier [0x00686E73+48323]
(No symbol) [0x00619661]
(No symbol) [0x00525308]
(No symbol) [0x0054634C]
(No symbol) [0x00542093]
(No symbol) [0x00540719]
(No symbol) [0x00570DF5]
(No symbol) [0x00570ADC]
(No symbol) [0x0056A6D6]
(No symbol) [0x0054847C]
(No symbol) [0x0054957D]
GetHandleVerifier [0x008EFD5D+2575277]
GetHandleVerifier [0x0092F86E+2836158]
GetHandleVerifier [0x009296DC+2811180]
GetHandleVerifier [0x007141B0+626688]
(No symbol) [0x0062314C]
(No symbol) [0x0061F4B8]
(No symbol) [0x0061F59B]
(No symbol) [0x006121B7]
BaseThreadInitThunk [0x750F00C9+25]
RtlGetAppContainerNamedObjectPath [0x77017B1E+286]
RtlGetAppContainerNamedObjectPath [0x77017AEE+238]

at org.openqa.selenium.remote.W3CHandshakeResponse.lambda$errorHandler$0(W3CHandshakeResponse.java:62)
at org.openqa.selenium.remote.HandshakeResponse.lambda$getResponseFunction$0(HandshakeResponse.java:30)
at org.openqa.selenium.remote.ProtocolHandshake.lambda$createSession$0(ProtocolHandshake.java:126)
at java.base/java.util.stream.ReferencePipeline$3$1.accept(ReferencePipeline.java:197)
at java.base/java.util.Spliterators$ArraySpliterator.tryAdvance(Spliterators.java:1002)
at java.base/java.util.stream.ReferencePipeline.forEachWithCancel(ReferencePipeline.java:129)
at java.base/java.util.stream.AbstractPipeline.copyIntoWithCancel(AbstractPipeline.java:527)
at java.base/java.util.stream.AbstractPipeline.copyInto(AbstractPipeline.java:513)
at java.base/java.util.stream.AbstractPipeline.wrapAndCopyInto(AbstractPipeline.java:499)
at java.base/java.util.stream.FindOps$FindOp.evaluateSequential(FindOps.java:150)
at java.base/java.util.stream.AbstractPipeline.evaluate(AbstractPipeline.java:234)
at java.base/java.util.stream.ReferencePipeline.findFirst(ReferencePipeline.java:647)
at org.openqa.selenium.remote.ProtocolHandshake.createSession(ProtocolHandshake.java:128)
at org.openqa.selenium.remote.ProtocolHandshake.createSession(ProtocolHandshake.java:74)
at org.openqa.selenium.remote.HttpCommandExecutor.execute(HttpCommandExecutor.java:136)
at org.openqa.selenium.remote.service.DriverCommandExecutor.execute(DriverCommandExecutor.java:83)
at org.openqa.selenium.remote.RemoteWebDriver.execute(RemoteWebDriver.java:552)
at org.openqa.selenium.remote.RemoteWebDriver.startSession(RemoteWebDriver.java:213)
at org.openqa.selenium.remote.RemoteWebDriver.<init>(RemoteWebDriver.java:131)
at org.openqa.selenium.chrome.ChromeDriver.<init>(ChromeDriver.java:181)
at org.openqa.selenium.chrome.ChromeDriver.<init>(ChromeDriver.java:168)
at org.openqa.selenium.chrome.ChromeDriver.<init>(ChromeDriver.java:123)
at com.first.selenium.demo.MathmeticCaptcha.steup(MathmeticCaptcha.java:20)
... Removed 33 stack frames]]>
    </failure>
  </testcase> <!-- @BeforeMethod steup -->
  <testcase classname="com.first.selenium.demo.MathmeticCaptcha" name="@AfterMethod close" time="0.0">
    <skipped/>
  </testcase> <!-- @AfterMethod close -->
  <testcase classname="com.first.selenium.demo.AlerthandleTest" name="@BeforeMethod setUp" time="3.158">
    <failure type="org.openqa.selenium.SessionNotCreatedException" message="session not created: This version of ChromeDriver only supports Chrome version 114
Current browser version is 116.0.5845.140 with binary path C:\Program Files\Google\Chrome\Application\chrome.exe
Build info: version: &amp;apos;3.141.59&amp;apos;, revision: &amp;apos;e82be7d358&amp;apos;, time: &amp;apos;2018-11-14T08:17:03&amp;apos;
System info: host: &amp;apos;BANSAHU-PF17URY&amp;apos;, ip: &amp;apos;192.168.150.18&amp;apos;, os.name: &amp;apos;Windows 10&amp;apos;, os.arch: &amp;apos;amd64&amp;apos;, os.version: &amp;apos;10.0&amp;apos;, java.version: &amp;apos;17.0.6&amp;apos;
Driver info: driver.version: ChromeDriver
remote stacktrace: Backtrace:
	GetHandleVerifier [0x00686E73+48323]
	(No symbol) [0x00619661]
	(No symbol) [0x00525308]
	(No symbol) [0x0054634C]
	(No symbol) [0x00542093]
	(No symbol) [0x00540719]
	(No symbol) [0x00570DF5]
	(No symbol) [0x00570ADC]
	(No symbol) [0x0056A6D6]
	(No symbol) [0x0054847C]
	(No symbol) [0x0054957D]
	GetHandleVerifier [0x008EFD5D+2575277]
	GetHandleVerifier [0x0092F86E+2836158]
	GetHandleVerifier [0x009296DC+2811180]
	GetHandleVerifier [0x007141B0+626688]
	(No symbol) [0x0062314C]
	(No symbol) [0x0061F4B8]
	(No symbol) [0x0061F59B]
	(No symbol) [0x006121B7]
	BaseThreadInitThunk [0x750F00C9+25]
	RtlGetAppContainerNamedObjectPath [0x77017B1E+286]
	RtlGetAppContainerNamedObjectPath [0x77017AEE+238]
">
      <![CDATA[org.openqa.selenium.SessionNotCreatedException: session not created: This version of ChromeDriver only supports Chrome version 114
Current browser version is 116.0.5845.140 with binary path C:\Program Files\Google\Chrome\Application\chrome.exe
Build info: version: '3.141.59', revision: 'e82be7d358', time: '2018-11-14T08:17:03'
System info: host: 'BANSAHU-PF17URY', ip: '192.168.150.18', os.name: 'Windows 10', os.arch: 'amd64', os.version: '10.0', java.version: '17.0.6'
Driver info: driver.version: ChromeDriver
remote stacktrace: Backtrace:
GetHandleVerifier [0x00686E73+48323]
(No symbol) [0x00619661]
(No symbol) [0x00525308]
(No symbol) [0x0054634C]
(No symbol) [0x00542093]
(No symbol) [0x00540719]
(No symbol) [0x00570DF5]
(No symbol) [0x00570ADC]
(No symbol) [0x0056A6D6]
(No symbol) [0x0054847C]
(No symbol) [0x0054957D]
GetHandleVerifier [0x008EFD5D+2575277]
GetHandleVerifier [0x0092F86E+2836158]
GetHandleVerifier [0x009296DC+2811180]
GetHandleVerifier [0x007141B0+626688]
(No symbol) [0x0062314C]
(No symbol) [0x0061F4B8]
(No symbol) [0x0061F59B]
(No symbol) [0x006121B7]
BaseThreadInitThunk [0x750F00C9+25]
RtlGetAppContainerNamedObjectPath [0x77017B1E+286]
RtlGetAppContainerNamedObjectPath [0x77017AEE+238]

at org.openqa.selenium.remote.W3CHandshakeResponse.lambda$errorHandler$0(W3CHandshakeResponse.java:62)
at org.openqa.selenium.remote.HandshakeResponse.lambda$getResponseFunction$0(HandshakeResponse.java:30)
at org.openqa.selenium.remote.ProtocolHandshake.lambda$createSession$0(ProtocolHandshake.java:126)
at java.base/java.util.stream.ReferencePipeline$3$1.accept(ReferencePipeline.java:197)
at java.base/java.util.Spliterators$ArraySpliterator.tryAdvance(Spliterators.java:1002)
at java.base/java.util.stream.ReferencePipeline.forEachWithCancel(ReferencePipeline.java:129)
at java.base/java.util.stream.AbstractPipeline.copyIntoWithCancel(AbstractPipeline.java:527)
at java.base/java.util.stream.AbstractPipeline.copyInto(AbstractPipeline.java:513)
at java.base/java.util.stream.AbstractPipeline.wrapAndCopyInto(AbstractPipeline.java:499)
at java.base/java.util.stream.FindOps$FindOp.evaluateSequential(FindOps.java:150)
at java.base/java.util.stream.AbstractPipeline.evaluate(AbstractPipeline.java:234)
at java.base/java.util.stream.ReferencePipeline.findFirst(ReferencePipeline.java:647)
at org.openqa.selenium.remote.ProtocolHandshake.createSession(ProtocolHandshake.java:128)
at org.openqa.selenium.remote.ProtocolHandshake.createSession(ProtocolHandshake.java:74)
at org.openqa.selenium.remote.HttpCommandExecutor.execute(HttpCommandExecutor.java:136)
at org.openqa.selenium.remote.service.DriverCommandExecutor.execute(DriverCommandExecutor.java:83)
at org.openqa.selenium.remote.RemoteWebDriver.execute(RemoteWebDriver.java:552)
at org.openqa.selenium.remote.RemoteWebDriver.startSession(RemoteWebDriver.java:213)
at org.openqa.selenium.remote.RemoteWebDriver.<init>(RemoteWebDriver.java:131)
at org.openqa.selenium.chrome.ChromeDriver.<init>(ChromeDriver.java:181)
at org.openqa.selenium.chrome.ChromeDriver.<init>(ChromeDriver.java:168)
at org.openqa.selenium.chrome.ChromeDriver.<init>(ChromeDriver.java:123)
at com.first.selenium.demo.AlerthandleTest.setUp(AlerthandleTest.java:19)
... Removed 33 stack frames]]>
    </failure>
  </testcase> <!-- @BeforeMethod setUp -->
  <testcase classname="com.first.selenium.demo.AutodinamicDropdown" name="@BeforeMethod steup" time="2.872">
    <failure type="org.openqa.selenium.SessionNotCreatedException" message="session not created: This version of ChromeDriver only supports Chrome version 114
Current browser version is 116.0.5845.140 with binary path C:\Program Files\Google\Chrome\Application\chrome.exe
Build info: version: &amp;apos;3.141.59&amp;apos;, revision: &amp;apos;e82be7d358&amp;apos;, time: &amp;apos;2018-11-14T08:17:03&amp;apos;
System info: host: &amp;apos;BANSAHU-PF17URY&amp;apos;, ip: &amp;apos;192.168.150.18&amp;apos;, os.name: &amp;apos;Windows 10&amp;apos;, os.arch: &amp;apos;amd64&amp;apos;, os.version: &amp;apos;10.0&amp;apos;, java.version: &amp;apos;17.0.6&amp;apos;
Driver info: driver.version: ChromeDriver
remote stacktrace: Backtrace:
	GetHandleVerifier [0x00686E73+48323]
	(No symbol) [0x00619661]
	(No symbol) [0x00525308]
	(No symbol) [0x0054634C]
	(No symbol) [0x00542093]
	(No symbol) [0x00540719]
	(No symbol) [0x00570DF5]
	(No symbol) [0x00570ADC]
	(No symbol) [0x0056A6D6]
	(No symbol) [0x0054847C]
	(No symbol) [0x0054957D]
	GetHandleVerifier [0x008EFD5D+2575277]
	GetHandleVerifier [0x0092F86E+2836158]
	GetHandleVerifier [0x009296DC+2811180]
	GetHandleVerifier [0x007141B0+626688]
	(No symbol) [0x0062314C]
	(No symbol) [0x0061F4B8]
	(No symbol) [0x0061F59B]
	(No symbol) [0x006121B7]
	BaseThreadInitThunk [0x750F00C9+25]
	RtlGetAppContainerNamedObjectPath [0x77017B1E+286]
	RtlGetAppContainerNamedObjectPath [0x77017AEE+238]
">
      <![CDATA[org.openqa.selenium.SessionNotCreatedException: session not created: This version of ChromeDriver only supports Chrome version 114
Current browser version is 116.0.5845.140 with binary path C:\Program Files\Google\Chrome\Application\chrome.exe
Build info: version: '3.141.59', revision: 'e82be7d358', time: '2018-11-14T08:17:03'
System info: host: 'BANSAHU-PF17URY', ip: '192.168.150.18', os.name: 'Windows 10', os.arch: 'amd64', os.version: '10.0', java.version: '17.0.6'
Driver info: driver.version: ChromeDriver
remote stacktrace: Backtrace:
GetHandleVerifier [0x00686E73+48323]
(No symbol) [0x00619661]
(No symbol) [0x00525308]
(No symbol) [0x0054634C]
(No symbol) [0x00542093]
(No symbol) [0x00540719]
(No symbol) [0x00570DF5]
(No symbol) [0x00570ADC]
(No symbol) [0x0056A6D6]
(No symbol) [0x0054847C]
(No symbol) [0x0054957D]
GetHandleVerifier [0x008EFD5D+2575277]
GetHandleVerifier [0x0092F86E+2836158]
GetHandleVerifier [0x009296DC+2811180]
GetHandleVerifier [0x007141B0+626688]
(No symbol) [0x0062314C]
(No symbol) [0x0061F4B8]
(No symbol) [0x0061F59B]
(No symbol) [0x006121B7]
BaseThreadInitThunk [0x750F00C9+25]
RtlGetAppContainerNamedObjectPath [0x77017B1E+286]
RtlGetAppContainerNamedObjectPath [0x77017AEE+238]

at org.openqa.selenium.remote.W3CHandshakeResponse.lambda$errorHandler$0(W3CHandshakeResponse.java:62)
at org.openqa.selenium.remote.HandshakeResponse.lambda$getResponseFunction$0(HandshakeResponse.java:30)
at org.openqa.selenium.remote.ProtocolHandshake.lambda$createSession$0(ProtocolHandshake.java:126)
at java.base/java.util.stream.ReferencePipeline$3$1.accept(ReferencePipeline.java:197)
at java.base/java.util.Spliterators$ArraySpliterator.tryAdvance(Spliterators.java:1002)
at java.base/java.util.stream.ReferencePipeline.forEachWithCancel(ReferencePipeline.java:129)
at java.base/java.util.stream.AbstractPipeline.copyIntoWithCancel(AbstractPipeline.java:527)
at java.base/java.util.stream.AbstractPipeline.copyInto(AbstractPipeline.java:513)
at java.base/java.util.stream.AbstractPipeline.wrapAndCopyInto(AbstractPipeline.java:499)
at java.base/java.util.stream.FindOps$FindOp.evaluateSequential(FindOps.java:150)
at java.base/java.util.stream.AbstractPipeline.evaluate(AbstractPipeline.java:234)
at java.base/java.util.stream.ReferencePipeline.findFirst(ReferencePipeline.java:647)
at org.openqa.selenium.remote.ProtocolHandshake.createSession(ProtocolHandshake.java:128)
at org.openqa.selenium.remote.ProtocolHandshake.createSession(ProtocolHandshake.java:74)
at org.openqa.selenium.remote.HttpCommandExecutor.execute(HttpCommandExecutor.java:136)
at org.openqa.selenium.remote.service.DriverCommandExecutor.execute(DriverCommandExecutor.java:83)
at org.openqa.selenium.remote.RemoteWebDriver.execute(RemoteWebDriver.java:552)
at org.openqa.selenium.remote.RemoteWebDriver.startSession(RemoteWebDriver.java:213)
at org.openqa.selenium.remote.RemoteWebDriver.<init>(RemoteWebDriver.java:131)
at org.openqa.selenium.chrome.ChromeDriver.<init>(ChromeDriver.java:181)
at org.openqa.selenium.chrome.ChromeDriver.<init>(ChromeDriver.java:168)
at org.openqa.selenium.chrome.ChromeDriver.<init>(ChromeDriver.java:123)
at com.first.selenium.demo.AutodinamicDropdown.steup(AutodinamicDropdown.java:19)
... Removed 33 stack frames]]>
    </failure>
  </testcase> <!-- @BeforeMethod steup -->
  <testcase classname="com.first.selenium.demo.Explicitwait" name="@BeforeMethod setup" time="3.329">
    <failure type="org.openqa.selenium.SessionNotCreatedException" message="session not created: This version of ChromeDriver only supports Chrome version 114
Current browser version is 116.0.5845.140 with binary path C:\Program Files\Google\Chrome\Application\chrome.exe
Build info: version: &amp;apos;3.141.59&amp;apos;, revision: &amp;apos;e82be7d358&amp;apos;, time: &amp;apos;2018-11-14T08:17:03&amp;apos;
System info: host: &amp;apos;BANSAHU-PF17URY&amp;apos;, ip: &amp;apos;192.168.150.18&amp;apos;, os.name: &amp;apos;Windows 10&amp;apos;, os.arch: &amp;apos;amd64&amp;apos;, os.version: &amp;apos;10.0&amp;apos;, java.version: &amp;apos;17.0.6&amp;apos;
Driver info: driver.version: ChromeDriver
remote stacktrace: Backtrace:
	GetHandleVerifier [0x00686E73+48323]
	(No symbol) [0x00619661]
	(No symbol) [0x00525308]
	(No symbol) [0x0054634C]
	(No symbol) [0x00542093]
	(No symbol) [0x00540719]
	(No symbol) [0x00570DF5]
	(No symbol) [0x00570ADC]
	(No symbol) [0x0056A6D6]
	(No symbol) [0x0054847C]
	(No symbol) [0x0054957D]
	GetHandleVerifier [0x008EFD5D+2575277]
	GetHandleVerifier [0x0092F86E+2836158]
	GetHandleVerifier [0x009296DC+2811180]
	GetHandleVerifier [0x007141B0+626688]
	(No symbol) [0x0062314C]
	(No symbol) [0x0061F4B8]
	(No symbol) [0x0061F59B]
	(No symbol) [0x006121B7]
	BaseThreadInitThunk [0x750F00C9+25]
	RtlGetAppContainerNamedObjectPath [0x77017B1E+286]
	RtlGetAppContainerNamedObjectPath [0x77017AEE+238]
">
      <![CDATA[org.openqa.selenium.SessionNotCreatedException: session not created: This version of ChromeDriver only supports Chrome version 114
Current browser version is 116.0.5845.140 with binary path C:\Program Files\Google\Chrome\Application\chrome.exe
Build info: version: '3.141.59', revision: 'e82be7d358', time: '2018-11-14T08:17:03'
System info: host: 'BANSAHU-PF17URY', ip: '192.168.150.18', os.name: 'Windows 10', os.arch: 'amd64', os.version: '10.0', java.version: '17.0.6'
Driver info: driver.version: ChromeDriver
remote stacktrace: Backtrace:
GetHandleVerifier [0x00686E73+48323]
(No symbol) [0x00619661]
(No symbol) [0x00525308]
(No symbol) [0x0054634C]
(No symbol) [0x00542093]
(No symbol) [0x00540719]
(No symbol) [0x00570DF5]
(No symbol) [0x00570ADC]
(No symbol) [0x0056A6D6]
(No symbol) [0x0054847C]
(No symbol) [0x0054957D]
GetHandleVerifier [0x008EFD5D+2575277]
GetHandleVerifier [0x0092F86E+2836158]
GetHandleVerifier [0x009296DC+2811180]
GetHandleVerifier [0x007141B0+626688]
(No symbol) [0x0062314C]
(No symbol) [0x0061F4B8]
(No symbol) [0x0061F59B]
(No symbol) [0x006121B7]
BaseThreadInitThunk [0x750F00C9+25]
RtlGetAppContainerNamedObjectPath [0x77017B1E+286]
RtlGetAppContainerNamedObjectPath [0x77017AEE+238]

at org.openqa.selenium.remote.W3CHandshakeResponse.lambda$errorHandler$0(W3CHandshakeResponse.java:62)
at org.openqa.selenium.remote.HandshakeResponse.lambda$getResponseFunction$0(HandshakeResponse.java:30)
at org.openqa.selenium.remote.ProtocolHandshake.lambda$createSession$0(ProtocolHandshake.java:126)
at java.base/java.util.stream.ReferencePipeline$3$1.accept(ReferencePipeline.java:197)
at java.base/java.util.Spliterators$ArraySpliterator.tryAdvance(Spliterators.java:1002)
at java.base/java.util.stream.ReferencePipeline.forEachWithCancel(ReferencePipeline.java:129)
at java.base/java.util.stream.AbstractPipeline.copyIntoWithCancel(AbstractPipeline.java:527)
at java.base/java.util.stream.AbstractPipeline.copyInto(AbstractPipeline.java:513)
at java.base/java.util.stream.AbstractPipeline.wrapAndCopyInto(AbstractPipeline.java:499)
at java.base/java.util.stream.FindOps$FindOp.evaluateSequential(FindOps.java:150)
at java.base/java.util.stream.AbstractPipeline.evaluate(AbstractPipeline.java:234)
at java.base/java.util.stream.ReferencePipeline.findFirst(ReferencePipeline.java:647)
at org.openqa.selenium.remote.ProtocolHandshake.createSession(ProtocolHandshake.java:128)
at org.openqa.selenium.remote.ProtocolHandshake.createSession(ProtocolHandshake.java:74)
at org.openqa.selenium.remote.HttpCommandExecutor.execute(HttpCommandExecutor.java:136)
at org.openqa.selenium.remote.service.DriverCommandExecutor.execute(DriverCommandExecutor.java:83)
at org.openqa.selenium.remote.RemoteWebDriver.execute(RemoteWebDriver.java:552)
at org.openqa.selenium.remote.RemoteWebDriver.startSession(RemoteWebDriver.java:213)
at org.openqa.selenium.remote.RemoteWebDriver.<init>(RemoteWebDriver.java:131)
at org.openqa.selenium.chrome.ChromeDriver.<init>(ChromeDriver.java:181)
at org.openqa.selenium.chrome.ChromeDriver.<init>(ChromeDriver.java:168)
at org.openqa.selenium.chrome.ChromeDriver.<init>(ChromeDriver.java:123)
at com.first.selenium.demo.Explicitwait.setup(Explicitwait.java:19)
... Removed 33 stack frames]]>
    </failure>
  </testcase> <!-- @BeforeMethod setup -->
  <testcase classname="com.first.selenium.demo.Numaricimagetypecaptcha" name="@BeforeMethod steup" time="2.761">
    <failure type="org.openqa.selenium.SessionNotCreatedException" message="session not created: This version of ChromeDriver only supports Chrome version 114
Current browser version is 116.0.5845.140 with binary path C:\Program Files\Google\Chrome\Application\chrome.exe
Build info: version: &amp;apos;3.141.59&amp;apos;, revision: &amp;apos;e82be7d358&amp;apos;, time: &amp;apos;2018-11-14T08:17:03&amp;apos;
System info: host: &amp;apos;BANSAHU-PF17URY&amp;apos;, ip: &amp;apos;192.168.150.18&amp;apos;, os.name: &amp;apos;Windows 10&amp;apos;, os.arch: &amp;apos;amd64&amp;apos;, os.version: &amp;apos;10.0&amp;apos;, java.version: &amp;apos;17.0.6&amp;apos;
Driver info: driver.version: ChromeDriver
remote stacktrace: Backtrace:
	GetHandleVerifier [0x00686E73+48323]
	(No symbol) [0x00619661]
	(No symbol) [0x00525308]
	(No symbol) [0x0054634C]
	(No symbol) [0x00542093]
	(No symbol) [0x00540719]
	(No symbol) [0x00570DF5]
	(No symbol) [0x00570ADC]
	(No symbol) [0x0056A6D6]
	(No symbol) [0x0054847C]
	(No symbol) [0x0054957D]
	GetHandleVerifier [0x008EFD5D+2575277]
	GetHandleVerifier [0x0092F86E+2836158]
	GetHandleVerifier [0x009296DC+2811180]
	GetHandleVerifier [0x007141B0+626688]
	(No symbol) [0x0062314C]
	(No symbol) [0x0061F4B8]
	(No symbol) [0x0061F59B]
	(No symbol) [0x006121B7]
	BaseThreadInitThunk [0x750F00C9+25]
	RtlGetAppContainerNamedObjectPath [0x77017B1E+286]
	RtlGetAppContainerNamedObjectPath [0x77017AEE+238]
">
      <![CDATA[org.openqa.selenium.SessionNotCreatedException: session not created: This version of ChromeDriver only supports Chrome version 114
Current browser version is 116.0.5845.140 with binary path C:\Program Files\Google\Chrome\Application\chrome.exe
Build info: version: '3.141.59', revision: 'e82be7d358', time: '2018-11-14T08:17:03'
System info: host: 'BANSAHU-PF17URY', ip: '192.168.150.18', os.name: 'Windows 10', os.arch: 'amd64', os.version: '10.0', java.version: '17.0.6'
Driver info: driver.version: ChromeDriver
remote stacktrace: Backtrace:
GetHandleVerifier [0x00686E73+48323]
(No symbol) [0x00619661]
(No symbol) [0x00525308]
(No symbol) [0x0054634C]
(No symbol) [0x00542093]
(No symbol) [0x00540719]
(No symbol) [0x00570DF5]
(No symbol) [0x00570ADC]
(No symbol) [0x0056A6D6]
(No symbol) [0x0054847C]
(No symbol) [0x0054957D]
GetHandleVerifier [0x008EFD5D+2575277]
GetHandleVerifier [0x0092F86E+2836158]
GetHandleVerifier [0x009296DC+2811180]
GetHandleVerifier [0x007141B0+626688]
(No symbol) [0x0062314C]
(No symbol) [0x0061F4B8]
(No symbol) [0x0061F59B]
(No symbol) [0x006121B7]
BaseThreadInitThunk [0x750F00C9+25]
RtlGetAppContainerNamedObjectPath [0x77017B1E+286]
RtlGetAppContainerNamedObjectPath [0x77017AEE+238]

at org.openqa.selenium.remote.W3CHandshakeResponse.lambda$errorHandler$0(W3CHandshakeResponse.java:62)
at org.openqa.selenium.remote.HandshakeResponse.lambda$getResponseFunction$0(HandshakeResponse.java:30)
at org.openqa.selenium.remote.ProtocolHandshake.lambda$createSession$0(ProtocolHandshake.java:126)
at java.base/java.util.stream.ReferencePipeline$3$1.accept(ReferencePipeline.java:197)
at java.base/java.util.Spliterators$ArraySpliterator.tryAdvance(Spliterators.java:1002)
at java.base/java.util.stream.ReferencePipeline.forEachWithCancel(ReferencePipeline.java:129)
at java.base/java.util.stream.AbstractPipeline.copyIntoWithCancel(AbstractPipeline.java:527)
at java.base/java.util.stream.AbstractPipeline.copyInto(AbstractPipeline.java:513)
at java.base/java.util.stream.AbstractPipeline.wrapAndCopyInto(AbstractPipeline.java:499)
at java.base/java.util.stream.FindOps$FindOp.evaluateSequential(FindOps.java:150)
at java.base/java.util.stream.AbstractPipeline.evaluate(AbstractPipeline.java:234)
at java.base/java.util.stream.ReferencePipeline.findFirst(ReferencePipeline.java:647)
at org.openqa.selenium.remote.ProtocolHandshake.createSession(ProtocolHandshake.java:128)
at org.openqa.selenium.remote.ProtocolHandshake.createSession(ProtocolHandshake.java:74)
at org.openqa.selenium.remote.HttpCommandExecutor.execute(HttpCommandExecutor.java:136)
at org.openqa.selenium.remote.service.DriverCommandExecutor.execute(DriverCommandExecutor.java:83)
at org.openqa.selenium.remote.RemoteWebDriver.execute(RemoteWebDriver.java:552)
at org.openqa.selenium.remote.RemoteWebDriver.startSession(RemoteWebDriver.java:213)
at org.openqa.selenium.remote.RemoteWebDriver.<init>(RemoteWebDriver.java:131)
at org.openqa.selenium.chrome.ChromeDriver.<init>(ChromeDriver.java:181)
at org.openqa.selenium.chrome.ChromeDriver.<init>(ChromeDriver.java:168)
at org.openqa.selenium.chrome.ChromeDriver.<init>(ChromeDriver.java:123)
at com.first.selenium.demo.Numaricimagetypecaptcha.steup(Numaricimagetypecaptcha.java:21)
... Removed 33 stack frames]]>
    </failure>
  </testcase> <!-- @BeforeMethod steup -->
  <testcase classname="com.first.selenium.demo.Numaricimagetypecaptcha" name="@AfterMethod close" time="0.0">
    <skipped/>
  </testcase> <!-- @AfterMethod close -->
  <testcase classname="com.first.selenium.demo.InvisibleDynamicDropdown" name="@BeforeMethod steup" time="41.327">
    <failure type="org.openqa.selenium.NoSuchWindowException" message="no such window: target window already closed
from unknown error: web view not found
  (Session info: chrome=116.0.5845.96)
Build info: version: &amp;apos;3.141.59&amp;apos;, revision: &amp;apos;e82be7d358&amp;apos;, time: &amp;apos;2018-11-14T08:17:03&amp;apos;
System info: host: &amp;apos;BANSAHU-PF17URY&amp;apos;, ip: &amp;apos;192.168.150.18&amp;apos;, os.name: &amp;apos;Windows 10&amp;apos;, os.arch: &amp;apos;amd64&amp;apos;, os.version: &amp;apos;10.0&amp;apos;, java.version: &amp;apos;17.0.6&amp;apos;
Driver info: org.openqa.selenium.chrome.ChromeDriver
Capabilities {acceptInsecureCerts: false, browserName: chrome, browserVersion: 116.0.5845.96, chrome: {chromedriverVersion: 116.0.5845.96 (1a3918166880..., userDataDir: C:\Users\bansahu\AppData\Lo...}, fedcm:accounts: true, goog:chromeOptions: {debuggerAddress: localhost:59198}, javascriptEnabled: true, networkConnectionEnabled: false, pageLoadStrategy: normal, platform: WINDOWS, platformName: WINDOWS, proxy: Proxy(), setWindowRect: true, strictFileInteractability: false, timeouts: {implicit: 0, pageLoad: 300000, script: 30000}, unhandledPromptBehavior: dismiss and notify, webauthn:extension:credBlob: true, webauthn:extension:largeBlob: true, webauthn:extension:minPinLength: true, webauthn:extension:prf: true, webauthn:virtualAuthenticators: true}
Session ID: aa6d8d226a4624596227c71bfae3d1f5">
      <![CDATA[org.openqa.selenium.NoSuchWindowException: no such window: target window already closed
from unknown error: web view not found
  (Session info: chrome=116.0.5845.96)
Build info: version: '3.141.59', revision: 'e82be7d358', time: '2018-11-14T08:17:03'
System info: host: 'BANSAHU-PF17URY', ip: '192.168.150.18', os.name: 'Windows 10', os.arch: 'amd64', os.version: '10.0', java.version: '17.0.6'
Driver info: org.openqa.selenium.chrome.ChromeDriver
Capabilities {acceptInsecureCerts: false, browserName: chrome, browserVersion: 116.0.5845.96, chrome: {chromedriverVersion: 116.0.5845.96 (1a3918166880..., userDataDir: C:\Users\bansahu\AppData\Lo...}, fedcm:accounts: true, goog:chromeOptions: {debuggerAddress: localhost:59198}, javascriptEnabled: true, networkConnectionEnabled: false, pageLoadStrategy: normal, platform: WINDOWS, platformName: WINDOWS, proxy: Proxy(), setWindowRect: true, strictFileInteractability: false, timeouts: {implicit: 0, pageLoad: 300000, script: 30000}, unhandledPromptBehavior: dismiss and notify, webauthn:extension:credBlob: true, webauthn:extension:largeBlob: true, webauthn:extension:minPinLength: true, webauthn:extension:prf: true, webauthn:virtualAuthenticators: true}
Session ID: aa6d8d226a4624596227c71bfae3d1f5
at org.openqa.selenium.remote.http.W3CHttpResponseCodec.createException(W3CHttpResponseCodec.java:187)
at org.openqa.selenium.remote.http.W3CHttpResponseCodec.decode(W3CHttpResponseCodec.java:122)
at org.openqa.selenium.remote.http.W3CHttpResponseCodec.decode(W3CHttpResponseCodec.java:49)
at org.openqa.selenium.remote.HttpCommandExecutor.execute(HttpCommandExecutor.java:158)
at org.openqa.selenium.remote.service.DriverCommandExecutor.execute(DriverCommandExecutor.java:83)
at org.openqa.selenium.remote.RemoteWebDriver.execute(RemoteWebDriver.java:552)
at org.openqa.selenium.remote.RemoteWebDriver.get(RemoteWebDriver.java:277)
at com.first.selenium.demo.InvisibleDynamicDropdown.steup(InvisibleDynamicDropdown.java:33)
... Removed 33 stack frames]]>
    </failure>
  </testcase> <!-- @BeforeMethod steup -->
  <testcase classname="com.first.selenium.demo.DDTSQLtest" name="@BeforeMethod setUp" time="4.254">
    <failure type="org.openqa.selenium.SessionNotCreatedException" message="session not created: This version of ChromeDriver only supports Chrome version 114
Current browser version is 116.0.5845.140 with binary path C:\Program Files\Google\Chrome\Application\chrome.exe
Build info: version: &amp;apos;3.141.59&amp;apos;, revision: &amp;apos;e82be7d358&amp;apos;, time: &amp;apos;2018-11-14T08:17:03&amp;apos;
System info: host: &amp;apos;BANSAHU-PF17URY&amp;apos;, ip: &amp;apos;192.168.150.18&amp;apos;, os.name: &amp;apos;Windows 10&amp;apos;, os.arch: &amp;apos;amd64&amp;apos;, os.version: &amp;apos;10.0&amp;apos;, java.version: &amp;apos;17.0.6&amp;apos;
Driver info: driver.version: ChromeDriver
remote stacktrace: Backtrace:
	GetHandleVerifier [0x00686E73+48323]
	(No symbol) [0x00619661]
	(No symbol) [0x00525308]
	(No symbol) [0x0054634C]
	(No symbol) [0x00542093]
	(No symbol) [0x00540719]
	(No symbol) [0x00570DF5]
	(No symbol) [0x00570ADC]
	(No symbol) [0x0056A6D6]
	(No symbol) [0x0054847C]
	(No symbol) [0x0054957D]
	GetHandleVerifier [0x008EFD5D+2575277]
	GetHandleVerifier [0x0092F86E+2836158]
	GetHandleVerifier [0x009296DC+2811180]
	GetHandleVerifier [0x007141B0+626688]
	(No symbol) [0x0062314C]
	(No symbol) [0x0061F4B8]
	(No symbol) [0x0061F59B]
	(No symbol) [0x006121B7]
	BaseThreadInitThunk [0x750F00C9+25]
	RtlGetAppContainerNamedObjectPath [0x77017B1E+286]
	RtlGetAppContainerNamedObjectPath [0x77017AEE+238]
">
      <![CDATA[org.openqa.selenium.SessionNotCreatedException: session not created: This version of ChromeDriver only supports Chrome version 114
Current browser version is 116.0.5845.140 with binary path C:\Program Files\Google\Chrome\Application\chrome.exe
Build info: version: '3.141.59', revision: 'e82be7d358', time: '2018-11-14T08:17:03'
System info: host: 'BANSAHU-PF17URY', ip: '192.168.150.18', os.name: 'Windows 10', os.arch: 'amd64', os.version: '10.0', java.version: '17.0.6'
Driver info: driver.version: ChromeDriver
remote stacktrace: Backtrace:
GetHandleVerifier [0x00686E73+48323]
(No symbol) [0x00619661]
(No symbol) [0x00525308]
(No symbol) [0x0054634C]
(No symbol) [0x00542093]
(No symbol) [0x00540719]
(No symbol) [0x00570DF5]
(No symbol) [0x00570ADC]
(No symbol) [0x0056A6D6]
(No symbol) [0x0054847C]
(No symbol) [0x0054957D]
GetHandleVerifier [0x008EFD5D+2575277]
GetHandleVerifier [0x0092F86E+2836158]
GetHandleVerifier [0x009296DC+2811180]
GetHandleVerifier [0x007141B0+626688]
(No symbol) [0x0062314C]
(No symbol) [0x0061F4B8]
(No symbol) [0x0061F59B]
(No symbol) [0x006121B7]
BaseThreadInitThunk [0x750F00C9+25]
RtlGetAppContainerNamedObjectPath [0x77017B1E+286]
RtlGetAppContainerNamedObjectPath [0x77017AEE+238]

at org.openqa.selenium.remote.W3CHandshakeResponse.lambda$errorHandler$0(W3CHandshakeResponse.java:62)
at org.openqa.selenium.remote.HandshakeResponse.lambda$getResponseFunction$0(HandshakeResponse.java:30)
at org.openqa.selenium.remote.ProtocolHandshake.lambda$createSession$0(ProtocolHandshake.java:126)
at java.base/java.util.stream.ReferencePipeline$3$1.accept(ReferencePipeline.java:197)
at java.base/java.util.Spliterators$ArraySpliterator.tryAdvance(Spliterators.java:1002)
at java.base/java.util.stream.ReferencePipeline.forEachWithCancel(ReferencePipeline.java:129)
at java.base/java.util.stream.AbstractPipeline.copyIntoWithCancel(AbstractPipeline.java:527)
at java.base/java.util.stream.AbstractPipeline.copyInto(AbstractPipeline.java:513)
at java.base/java.util.stream.AbstractPipeline.wrapAndCopyInto(AbstractPipeline.java:499)
at java.base/java.util.stream.FindOps$FindOp.evaluateSequential(FindOps.java:150)
at java.base/java.util.stream.AbstractPipeline.evaluate(AbstractPipeline.java:234)
at java.base/java.util.stream.ReferencePipeline.findFirst(ReferencePipeline.java:647)
at org.openqa.selenium.remote.ProtocolHandshake.createSession(ProtocolHandshake.java:128)
at org.openqa.selenium.remote.ProtocolHandshake.createSession(ProtocolHandshake.java:74)
at org.openqa.selenium.remote.HttpCommandExecutor.execute(HttpCommandExecutor.java:136)
at org.openqa.selenium.remote.service.DriverCommandExecutor.execute(DriverCommandExecutor.java:83)
at org.openqa.selenium.remote.RemoteWebDriver.execute(RemoteWebDriver.java:552)
at org.openqa.selenium.remote.RemoteWebDriver.startSession(RemoteWebDriver.java:213)
at org.openqa.selenium.remote.RemoteWebDriver.<init>(RemoteWebDriver.java:131)
at org.openqa.selenium.chrome.ChromeDriver.<init>(ChromeDriver.java:181)
at org.openqa.selenium.chrome.ChromeDriver.<init>(ChromeDriver.java:168)
at org.openqa.selenium.chrome.ChromeDriver.<init>(ChromeDriver.java:123)
at com.first.selenium.demo.DDTSQLtest.setUp(DDTSQLtest.java:24)
... Removed 33 stack frames]]>
    </failure>
  </testcase> <!-- @BeforeMethod setUp -->
  <testcase classname="com.first.selenium.demo.OBDXAPPLICATIONTEST" name="@BeforeMethod setUp" time="3.869">
    <failure type="org.openqa.selenium.SessionNotCreatedException" message="session not created: This version of ChromeDriver only supports Chrome version 114
Current browser version is 116.0.5845.140 with binary path C:\Program Files\Google\Chrome\Application\chrome.exe
Build info: version: &amp;apos;3.141.59&amp;apos;, revision: &amp;apos;e82be7d358&amp;apos;, time: &amp;apos;2018-11-14T08:17:03&amp;apos;
System info: host: &amp;apos;BANSAHU-PF17URY&amp;apos;, ip: &amp;apos;192.168.150.18&amp;apos;, os.name: &amp;apos;Windows 10&amp;apos;, os.arch: &amp;apos;amd64&amp;apos;, os.version: &amp;apos;10.0&amp;apos;, java.version: &amp;apos;17.0.6&amp;apos;
Driver info: driver.version: ChromeDriver
remote stacktrace: Backtrace:
	GetHandleVerifier [0x00686E73+48323]
	(No symbol) [0x00619661]
	(No symbol) [0x00525308]
	(No symbol) [0x0054634C]
	(No symbol) [0x00542093]
	(No symbol) [0x00540719]
	(No symbol) [0x00570DF5]
	(No symbol) [0x00570ADC]
	(No symbol) [0x0056A6D6]
	(No symbol) [0x0054847C]
	(No symbol) [0x0054957D]
	GetHandleVerifier [0x008EFD5D+2575277]
	GetHandleVerifier [0x0092F86E+2836158]
	GetHandleVerifier [0x009296DC+2811180]
	GetHandleVerifier [0x007141B0+626688]
	(No symbol) [0x0062314C]
	(No symbol) [0x0061F4B8]
	(No symbol) [0x0061F59B]
	(No symbol) [0x006121B7]
	BaseThreadInitThunk [0x750F00C9+25]
	RtlGetAppContainerNamedObjectPath [0x77017B1E+286]
	RtlGetAppContainerNamedObjectPath [0x77017AEE+238]
">
      <![CDATA[org.openqa.selenium.SessionNotCreatedException: session not created: This version of ChromeDriver only supports Chrome version 114
Current browser version is 116.0.5845.140 with binary path C:\Program Files\Google\Chrome\Application\chrome.exe
Build info: version: '3.141.59', revision: 'e82be7d358', time: '2018-11-14T08:17:03'
System info: host: 'BANSAHU-PF17URY', ip: '192.168.150.18', os.name: 'Windows 10', os.arch: 'amd64', os.version: '10.0', java.version: '17.0.6'
Driver info: driver.version: ChromeDriver
remote stacktrace: Backtrace:
GetHandleVerifier [0x00686E73+48323]
(No symbol) [0x00619661]
(No symbol) [0x00525308]
(No symbol) [0x0054634C]
(No symbol) [0x00542093]
(No symbol) [0x00540719]
(No symbol) [0x00570DF5]
(No symbol) [0x00570ADC]
(No symbol) [0x0056A6D6]
(No symbol) [0x0054847C]
(No symbol) [0x0054957D]
GetHandleVerifier [0x008EFD5D+2575277]
GetHandleVerifier [0x0092F86E+2836158]
GetHandleVerifier [0x009296DC+2811180]
GetHandleVerifier [0x007141B0+626688]
(No symbol) [0x0062314C]
(No symbol) [0x0061F4B8]
(No symbol) [0x0061F59B]
(No symbol) [0x006121B7]
BaseThreadInitThunk [0x750F00C9+25]
RtlGetAppContainerNamedObjectPath [0x77017B1E+286]
RtlGetAppContainerNamedObjectPath [0x77017AEE+238]

at org.openqa.selenium.remote.W3CHandshakeResponse.lambda$errorHandler$0(W3CHandshakeResponse.java:62)
at org.openqa.selenium.remote.HandshakeResponse.lambda$getResponseFunction$0(HandshakeResponse.java:30)
at org.openqa.selenium.remote.ProtocolHandshake.lambda$createSession$0(ProtocolHandshake.java:126)
at java.base/java.util.stream.ReferencePipeline$3$1.accept(ReferencePipeline.java:197)
at java.base/java.util.Spliterators$ArraySpliterator.tryAdvance(Spliterators.java:1002)
at java.base/java.util.stream.ReferencePipeline.forEachWithCancel(ReferencePipeline.java:129)
at java.base/java.util.stream.AbstractPipeline.copyIntoWithCancel(AbstractPipeline.java:527)
at java.base/java.util.stream.AbstractPipeline.copyInto(AbstractPipeline.java:513)
at java.base/java.util.stream.AbstractPipeline.wrapAndCopyInto(AbstractPipeline.java:499)
at java.base/java.util.stream.FindOps$FindOp.evaluateSequential(FindOps.java:150)
at java.base/java.util.stream.AbstractPipeline.evaluate(AbstractPipeline.java:234)
at java.base/java.util.stream.ReferencePipeline.findFirst(ReferencePipeline.java:647)
at org.openqa.selenium.remote.ProtocolHandshake.createSession(ProtocolHandshake.java:128)
at org.openqa.selenium.remote.ProtocolHandshake.createSession(ProtocolHandshake.java:74)
at org.openqa.selenium.remote.HttpCommandExecutor.execute(HttpCommandExecutor.java:136)
at org.openqa.selenium.remote.service.DriverCommandExecutor.execute(DriverCommandExecutor.java:83)
at org.openqa.selenium.remote.RemoteWebDriver.execute(RemoteWebDriver.java:552)
at org.openqa.selenium.remote.RemoteWebDriver.startSession(RemoteWebDriver.java:213)
at org.openqa.selenium.remote.RemoteWebDriver.<init>(RemoteWebDriver.java:131)
at org.openqa.selenium.chrome.ChromeDriver.<init>(ChromeDriver.java:181)
at org.openqa.selenium.chrome.ChromeDriver.<init>(ChromeDriver.java:168)
at org.openqa.selenium.chrome.ChromeDriver.<init>(ChromeDriver.java:123)
at com.first.selenium.demo.OBDXAPPLICATIONTEST.setUp(OBDXAPPLICATIONTEST.java:18)
... Removed 33 stack frames]]>
    </failure>
  </testcase> <!-- @BeforeMethod setUp -->
  <testcase classname="com.first.selenium.demo.WindowHandle" name="@BeforeMethod setUp" time="2.601">
    <failure type="org.openqa.selenium.SessionNotCreatedException" message="session not created: This version of ChromeDriver only supports Chrome version 114
Current browser version is 116.0.5845.140 with binary path C:\Program Files\Google\Chrome\Application\chrome.exe
Build info: version: &amp;apos;3.141.59&amp;apos;, revision: &amp;apos;e82be7d358&amp;apos;, time: &amp;apos;2018-11-14T08:17:03&amp;apos;
System info: host: &amp;apos;BANSAHU-PF17URY&amp;apos;, ip: &amp;apos;192.168.150.18&amp;apos;, os.name: &amp;apos;Windows 10&amp;apos;, os.arch: &amp;apos;amd64&amp;apos;, os.version: &amp;apos;10.0&amp;apos;, java.version: &amp;apos;17.0.6&amp;apos;
Driver info: driver.version: ChromeDriver
remote stacktrace: Backtrace:
	GetHandleVerifier [0x00686E73+48323]
	(No symbol) [0x00619661]
	(No symbol) [0x00525308]
	(No symbol) [0x0054634C]
	(No symbol) [0x00542093]
	(No symbol) [0x00540719]
	(No symbol) [0x00570DF5]
	(No symbol) [0x00570ADC]
	(No symbol) [0x0056A6D6]
	(No symbol) [0x0054847C]
	(No symbol) [0x0054957D]
	GetHandleVerifier [0x008EFD5D+2575277]
	GetHandleVerifier [0x0092F86E+2836158]
	GetHandleVerifier [0x009296DC+2811180]
	GetHandleVerifier [0x007141B0+626688]
	(No symbol) [0x0062314C]
	(No symbol) [0x0061F4B8]
	(No symbol) [0x0061F59B]
	(No symbol) [0x006121B7]
	BaseThreadInitThunk [0x750F00C9+25]
	RtlGetAppContainerNamedObjectPath [0x77017B1E+286]
	RtlGetAppContainerNamedObjectPath [0x77017AEE+238]
">
      <![CDATA[org.openqa.selenium.SessionNotCreatedException: session not created: This version of ChromeDriver only supports Chrome version 114
Current browser version is 116.0.5845.140 with binary path C:\Program Files\Google\Chrome\Application\chrome.exe
Build info: version: '3.141.59', revision: 'e82be7d358', time: '2018-11-14T08:17:03'
System info: host: 'BANSAHU-PF17URY', ip: '192.168.150.18', os.name: 'Windows 10', os.arch: 'amd64', os.version: '10.0', java.version: '17.0.6'
Driver info: driver.version: ChromeDriver
remote stacktrace: Backtrace:
GetHandleVerifier [0x00686E73+48323]
(No symbol) [0x00619661]
(No symbol) [0x00525308]
(No symbol) [0x0054634C]
(No symbol) [0x00542093]
(No symbol) [0x00540719]
(No symbol) [0x00570DF5]
(No symbol) [0x00570ADC]
(No symbol) [0x0056A6D6]
(No symbol) [0x0054847C]
(No symbol) [0x0054957D]
GetHandleVerifier [0x008EFD5D+2575277]
GetHandleVerifier [0x0092F86E+2836158]
GetHandleVerifier [0x009296DC+2811180]
GetHandleVerifier [0x007141B0+626688]
(No symbol) [0x0062314C]
(No symbol) [0x0061F4B8]
(No symbol) [0x0061F59B]
(No symbol) [0x006121B7]
BaseThreadInitThunk [0x750F00C9+25]
RtlGetAppContainerNamedObjectPath [0x77017B1E+286]
RtlGetAppContainerNamedObjectPath [0x77017AEE+238]

at org.openqa.selenium.remote.W3CHandshakeResponse.lambda$errorHandler$0(W3CHandshakeResponse.java:62)
at org.openqa.selenium.remote.HandshakeResponse.lambda$getResponseFunction$0(HandshakeResponse.java:30)
at org.openqa.selenium.remote.ProtocolHandshake.lambda$createSession$0(ProtocolHandshake.java:126)
at java.base/java.util.stream.ReferencePipeline$3$1.accept(ReferencePipeline.java:197)
at java.base/java.util.Spliterators$ArraySpliterator.tryAdvance(Spliterators.java:1002)
at java.base/java.util.stream.ReferencePipeline.forEachWithCancel(ReferencePipeline.java:129)
at java.base/java.util.stream.AbstractPipeline.copyIntoWithCancel(AbstractPipeline.java:527)
at java.base/java.util.stream.AbstractPipeline.copyInto(AbstractPipeline.java:513)
at java.base/java.util.stream.AbstractPipeline.wrapAndCopyInto(AbstractPipeline.java:499)
at java.base/java.util.stream.FindOps$FindOp.evaluateSequential(FindOps.java:150)
at java.base/java.util.stream.AbstractPipeline.evaluate(AbstractPipeline.java:234)
at java.base/java.util.stream.ReferencePipeline.findFirst(ReferencePipeline.java:647)
at org.openqa.selenium.remote.ProtocolHandshake.createSession(ProtocolHandshake.java:128)
at org.openqa.selenium.remote.ProtocolHandshake.createSession(ProtocolHandshake.java:74)
at org.openqa.selenium.remote.HttpCommandExecutor.execute(HttpCommandExecutor.java:136)
at org.openqa.selenium.remote.service.DriverCommandExecutor.execute(DriverCommandExecutor.java:83)
at org.openqa.selenium.remote.RemoteWebDriver.execute(RemoteWebDriver.java:552)
at org.openqa.selenium.remote.RemoteWebDriver.startSession(RemoteWebDriver.java:213)
at org.openqa.selenium.remote.RemoteWebDriver.<init>(RemoteWebDriver.java:131)
at org.openqa.selenium.chrome.ChromeDriver.<init>(ChromeDriver.java:181)
at org.openqa.selenium.chrome.ChromeDriver.<init>(ChromeDriver.java:168)
at org.openqa.selenium.chrome.ChromeDriver.<init>(ChromeDriver.java:123)
at com.first.selenium.demo.WindowHandle.setUp(WindowHandle.java:18)
... Removed 33 stack frames]]>
    </failure>
  </testcase> <!-- @BeforeMethod setUp -->
  <testcase classname="com.first.selenium.demo.ScreenshotTest" name="@BeforeMethod setUp" time="4.922">
    <failure type="org.openqa.selenium.SessionNotCreatedException" message="session not created: This version of ChromeDriver only supports Chrome version 114
Current browser version is 116.0.5845.140 with binary path C:\Program Files\Google\Chrome\Application\chrome.exe
Build info: version: &amp;apos;3.141.59&amp;apos;, revision: &amp;apos;e82be7d358&amp;apos;, time: &amp;apos;2018-11-14T08:17:03&amp;apos;
System info: host: &amp;apos;BANSAHU-PF17URY&amp;apos;, ip: &amp;apos;192.168.150.18&amp;apos;, os.name: &amp;apos;Windows 10&amp;apos;, os.arch: &amp;apos;amd64&amp;apos;, os.version: &amp;apos;10.0&amp;apos;, java.version: &amp;apos;17.0.6&amp;apos;
Driver info: driver.version: ChromeDriver
remote stacktrace: Backtrace:
	GetHandleVerifier [0x00686E73+48323]
	(No symbol) [0x00619661]
	(No symbol) [0x00525308]
	(No symbol) [0x0054634C]
	(No symbol) [0x00542093]
	(No symbol) [0x00540719]
	(No symbol) [0x00570DF5]
	(No symbol) [0x00570ADC]
	(No symbol) [0x0056A6D6]
	(No symbol) [0x0054847C]
	(No symbol) [0x0054957D]
	GetHandleVerifier [0x008EFD5D+2575277]
	GetHandleVerifier [0x0092F86E+2836158]
	GetHandleVerifier [0x009296DC+2811180]
	GetHandleVerifier [0x007141B0+626688]
	(No symbol) [0x0062314C]
	(No symbol) [0x0061F4B8]
	(No symbol) [0x0061F59B]
	(No symbol) [0x006121B7]
	BaseThreadInitThunk [0x750F00C9+25]
	RtlGetAppContainerNamedObjectPath [0x77017B1E+286]
	RtlGetAppContainerNamedObjectPath [0x77017AEE+238]
">
      <![CDATA[org.openqa.selenium.SessionNotCreatedException: session not created: This version of ChromeDriver only supports Chrome version 114
Current browser version is 116.0.5845.140 with binary path C:\Program Files\Google\Chrome\Application\chrome.exe
Build info: version: '3.141.59', revision: 'e82be7d358', time: '2018-11-14T08:17:03'
System info: host: 'BANSAHU-PF17URY', ip: '192.168.150.18', os.name: 'Windows 10', os.arch: 'amd64', os.version: '10.0', java.version: '17.0.6'
Driver info: driver.version: ChromeDriver
remote stacktrace: Backtrace:
GetHandleVerifier [0x00686E73+48323]
(No symbol) [0x00619661]
(No symbol) [0x00525308]
(No symbol) [0x0054634C]
(No symbol) [0x00542093]
(No symbol) [0x00540719]
(No symbol) [0x00570DF5]
(No symbol) [0x00570ADC]
(No symbol) [0x0056A6D6]
(No symbol) [0x0054847C]
(No symbol) [0x0054957D]
GetHandleVerifier [0x008EFD5D+2575277]
GetHandleVerifier [0x0092F86E+2836158]
GetHandleVerifier [0x009296DC+2811180]
GetHandleVerifier [0x007141B0+626688]
(No symbol) [0x0062314C]
(No symbol) [0x0061F4B8]
(No symbol) [0x0061F59B]
(No symbol) [0x006121B7]
BaseThreadInitThunk [0x750F00C9+25]
RtlGetAppContainerNamedObjectPath [0x77017B1E+286]
RtlGetAppContainerNamedObjectPath [0x77017AEE+238]

at org.openqa.selenium.remote.W3CHandshakeResponse.lambda$errorHandler$0(W3CHandshakeResponse.java:62)
at org.openqa.selenium.remote.HandshakeResponse.lambda$getResponseFunction$0(HandshakeResponse.java:30)
at org.openqa.selenium.remote.ProtocolHandshake.lambda$createSession$0(ProtocolHandshake.java:126)
at java.base/java.util.stream.ReferencePipeline$3$1.accept(ReferencePipeline.java:197)
at java.base/java.util.Spliterators$ArraySpliterator.tryAdvance(Spliterators.java:1002)
at java.base/java.util.stream.ReferencePipeline.forEachWithCancel(ReferencePipeline.java:129)
at java.base/java.util.stream.AbstractPipeline.copyIntoWithCancel(AbstractPipeline.java:527)
at java.base/java.util.stream.AbstractPipeline.copyInto(AbstractPipeline.java:513)
at java.base/java.util.stream.AbstractPipeline.wrapAndCopyInto(AbstractPipeline.java:499)
at java.base/java.util.stream.FindOps$FindOp.evaluateSequential(FindOps.java:150)
at java.base/java.util.stream.AbstractPipeline.evaluate(AbstractPipeline.java:234)
at java.base/java.util.stream.ReferencePipeline.findFirst(ReferencePipeline.java:647)
at org.openqa.selenium.remote.ProtocolHandshake.createSession(ProtocolHandshake.java:128)
at org.openqa.selenium.remote.ProtocolHandshake.createSession(ProtocolHandshake.java:74)
at org.openqa.selenium.remote.HttpCommandExecutor.execute(HttpCommandExecutor.java:136)
at org.openqa.selenium.remote.service.DriverCommandExecutor.execute(DriverCommandExecutor.java:83)
at org.openqa.selenium.remote.RemoteWebDriver.execute(RemoteWebDriver.java:552)
at org.openqa.selenium.remote.RemoteWebDriver.startSession(RemoteWebDriver.java:213)
at org.openqa.selenium.remote.RemoteWebDriver.<init>(RemoteWebDriver.java:131)
at org.openqa.selenium.chrome.ChromeDriver.<init>(ChromeDriver.java:181)
at org.openqa.selenium.chrome.ChromeDriver.<init>(ChromeDriver.java:168)
at org.openqa.selenium.chrome.ChromeDriver.<init>(ChromeDriver.java:123)
at com.first.selenium.demo.ScreenshotTest.setUp(ScreenshotTest.java:24)
... Removed 33 stack frames]]>
    </failure>
  </testcase> <!-- @BeforeMethod setUp -->
  <testcase classname="com.first.selenium.demo.OBDXAPPLICATIONTEST" name="@BeforeMethod setUp" time="0.0">
    <skipped/>
  </testcase> <!-- @BeforeMethod setUp -->
  <testcase classname="com.first.selenium.demo.WebElementColor" name="elementcolor" time="0.0">
    <skipped/>
  </testcase> <!-- elementcolor -->
  <testcase classname="com.first.selenium.demo.MathmeticCaptcha" name="mathcaptcha" time="0.0">
    <skipped/>
  </testcase> <!-- mathcaptcha -->
  <testcase classname="com.first.selenium.demo.AlerthandleTest" name="hightElement" time="0.0">
    <skipped/>
  </testcase> <!-- hightElement -->
  <testcase classname="com.first.selenium.demo.AutodinamicDropdown" name="dropdown" time="0.0">
    <skipped/>
  </testcase> <!-- dropdown -->
  <testcase classname="com.first.selenium.demo.Explicitwait" name="explicitwait" time="0.0">
    <skipped/>
  </testcase> <!-- explicitwait -->
  <testcase classname="com.first.selenium.demo.Numaricimagetypecaptcha" name="mathcaptcha" time="0.0">
    <skipped/>
  </testcase> <!-- mathcaptcha -->
  <testcase classname="com.first.selenium.demo.InvisibleDynamicDropdown" name="dropdown" time="0.0">
    <skipped/>
  </testcase> <!-- dropdown -->
  <testcase classname="com.first.selenium.demo.DDTSQLtest" name="dragdrop" time="0.0">
    <skipped/>
  </testcase> <!-- dragdrop -->
  <testcase classname="com.first.selenium.demo.OBDXAPPLICATIONTEST" name="login" time="0.0">
    <skipped/>
  </testcase> <!-- login -->
  <testcase classname="com.first.selenium.demo.WindowHandle" name="window" time="0.0">
    <skipped/>
  </testcase> <!-- window -->
  <testcase classname="com.first.selenium.demo.ScreenshotTest" name="dragdrop" time="0.0">
    <skipped/>
  </testcase> <!-- dragdrop -->
  <testcase classname="com.first.selenium.demo.OBDXAPPLICATIONTEST" name="uname_pass" time="0.0">
    <skipped/>
  </testcase> <!-- uname_pass -->
</testsuite> <!-- Default test(failed) -->
